
Total: connections 500 requests 8473 replies 8473 test-duration 330.147 s
Number of connected connections is currently = 0

Connection rate: 1.5 conn/s (660.3 ms/conn, <=500 concurrent connections)
Connected connection rate: 1.5 conn/s (660.3 ms/conn, <=500 concurrent connected connections)
Connection time [ms]: min 30011.2 avg 129534.0 max 320349.6 median 99999.5 stddev 101288.2
Connection time [ms]: connect 0.1
Connection length [replies/conn]: 16.946

Response time (no timeouts) [ms]: 0.0
Response time (only timeouts) [ms]: 0.0
Response time (all) [ms]: 129534.0
Request rate: 25.7 req/s (39.0 ms/req)
Request size [B]: 139.0

Overall reply rate: 25.7 replies/sec
Reply rate [replies/s]: min 9.8 avg 25.7 max 200.0 stddev 34.0 (66 samples)
Reply time [ms]: response 0.4 transfer 3.3
Reply size [B]: header 294.0 content 2985306.0 footer 0.0 (total 2985600.0)
Reply status: 1xx=0 2xx=8473 3xx=0 4xx=0 5xx=0

CPU time [s]: user 1.31 system 27.60 (user 0.4% system 8.4% total 8.8%)
Net I/O: 74831.2 KB/s (613.0*10^6 bps)

Errors: total 0 client-timo 0 socket-timo 0 connrefused 0 connreset 0
Errors: fd-unavail 0 addrunavail 0 ftab-full 0 addrinuse 0 other 0
Unconnected timeouts 0 connected timeouts 0 total (0) client_timeouts 0


Session rate [sess/s]: min 0.00 avg 1.51 max 10.40 stddev 3.59 (500/500)
Session: avg 1.00 connections/session
Session lifetime [s]: 129.5
Session failtime [s]: 0.0
Session length histogram: 0 0 0 0 0 0 0 102 0 0 98 0 0 0 0 101 0 100 0 0 0 0 0 0 0 0 0 0 0 0 0 0 0 0 0 0 99
